[debug] [2026-07-16T09:56:29.529Z] ----------------------------------------------------------------------
[debug] [2026-07-16T09:56:29.532Z] Command:       /nix/store/jfar9wnj6kvr0gr6klh1gk7vgckkfr5j-nodejs-20.20.0/bin/node /home/runner/workspace/.config/npm/node_global/bin/firebase deploy --project kpark-edu --only hosting --debug
[debug] [2026-07-16T09:56:29.532Z] CLI Version:   15.24.0
[debug] [2026-07-16T09:56:29.533Z] Platform:      linux
[debug] [2026-07-16T09:56:29.533Z] Node Version:  v20.20.0
[debug] [2026-07-16T09:56:29.534Z] Detected Agent: replit
[debug] [2026-07-16T09:56:29.534Z] Time:          Thu Jul 16 2026 09:56:29 GMT+0000 (Coordinated Universal Time)
[debug] [2026-07-16T09:56:29.534Z] ----------------------------------------------------------------------
[debug] 
[debug] [2026-07-16T09:56:29.543Z] >>> [apiv2][query] GET https://firebase-public.firebaseio.com/cli.json [none]
[debug] [2026-07-16T09:56:30.510Z] > command requires scopes: ["email","openid","https://www.googleapis.com/auth/cloudplatformprojects.readonly","https://www.googleapis.com/auth/firebase","https://www.googleapis.com/auth/cloud-platform"]
[debug] [2026-07-16T09:56:30.643Z] Error: invalid_grant: Invalid JWT Signature.
    at Gaxios._request (/home/runner/workspace/.config/npm/node_global/lib/node_modules/firebase-tools/node_modules/gaxios/build/src/gaxios.js:142:23)
    at process.processTicksAndRejections (node:internal/process/task_queues:95:5)
    at async GoogleToken._GoogleToken_requestToken (/home/runner/workspace/.config/npm/node_global/lib/node_modules/firebase-tools/node_modules/gtoken/build/src/index.js:241:19)
    at async GoogleToken._GoogleToken_getTokenAsync (/home/runner/workspace/.config/npm/node_global/lib/node_modules/firebase-tools/node_modules/gtoken/build/src/index.js:160:16)
    at async JWT.refreshTokenNoCache (/home/runner/workspace/.config/npm/node_global/lib/node_modules/firebase-tools/node_modules/google-auth-library/build/src/auth/jwtclient.js:173:23)
    at async JWT.refreshAccessTokenAsync (/home/runner/workspace/.config/npm/node_global/lib/node_modules/firebase-tools/node_modules/google-auth-library/build/src/auth/oauth2client.js:247:19)
    at async JWT.getAccessTokenAsync (/home/runner/workspace/.config/npm/node_global/lib/node_modules/firebase-tools/node_modules/google-auth-library/build/src/auth/oauth2client.js:276:23)
    at async GoogleAuth.getAccessToken (/home/runner/workspace/.config/npm/node_global/lib/node_modules/firebase-tools/node_modules/google-auth-library/build/src/auth/googleauth.js:723:17)
    at async autoAuth (/home/runner/workspace/.config/npm/node_global/lib/node_modules/firebase-tools/lib/requireAuth.js:38:19)
    at async requireAuth (/home/runner/workspace/.config/npm/node_global/lib/node_modules/firebase-tools/lib/requireAuth.js:100:20)
[error] 
[error] Error: Failed to authenticate, have you run firebase login?
